<?xml version="1.0" encoding="UTF-8"?>
<coverage generated="1555453945267" clover="3.2.0">
  <project timestamp="1555453945267" name="All files">
    <metrics statements="101" coveredstatements="91" conditionals="89" coveredconditionals="58" methods="37" coveredmethods="28" elements="227" coveredelements="177" complexity="0" loc="101" ncloc="101" packages="8" files="10" classes="10">
      <package name="app.components.Carousel">
        <metrics statements="12" coveredstatements="11" conditionals="6" coveredconditionals="5" methods="7" coveredmethods="6"/>
        <file name="Carousel.jsx" path="D:\git\tech-screen\carousel\src\app\components\Carousel\Carousel.jsx">
          <metrics statements="12" coveredstatements="11" conditionals="6" coveredconditionals="5" methods="7" coveredmethods="6"/>
          <line num="7" count="2" type="stmt"/>
          <line num="11" count="2" type="stmt"/>
          <line num="12" count="2" type="stmt"/>
          <line num="18" count="2" type="stmt"/>
          <line num="21" count="4" type="cond" truecount="2" falsecount="0"/>
          <line num="35" count="1" type="stmt"/>
          <line num="36" count="1" type="stmt"/>
          <line num="37" count="1" type="stmt"/>
          <line num="38" count="1" type="cond" truecount="1" falsecount="1"/>
          <line num="40" count="1" type="stmt"/>
          <line num="45" count="8" type="stmt"/>
          <line num="49" count="0" type="stmt"/>
        </file>
      </package>
      <package name="app.components.CreditScore">
        <metrics statements="4" coveredstatements="4" conditionals="0" coveredconditionals="0" methods="1" coveredmethods="1"/>
        <file name="CreditScore.jsx" path="D:\git\tech-screen\carousel\src\app\components\CreditScore\CreditScore.jsx">
          <metrics statements="4" coveredstatements="4" conditionals="0" coveredconditionals="0" methods="1" coveredmethods="1"/>
          <line num="8" count="2" type="stmt"/>
          <line num="10" count="2" type="stmt"/>
          <line num="11" count="1" type="stmt"/>
          <line num="23" count="2" type="stmt"/>
        </file>
      </package>
      <package name="app.components.Dashboard">
        <metrics statements="7" coveredstatements="7" conditionals="11" coveredconditionals="1" methods="4" coveredmethods="3"/>
        <file name="Dashboard.jsx" path="D:\git\tech-screen\carousel\src\app\components\Dashboard\Dashboard.jsx">
          <metrics statements="7" coveredstatements="7" conditionals="11" coveredconditionals="1" methods="4" coveredmethods="3"/>
          <line num="10" count="1" type="stmt"/>
          <line num="14" count="1" type="stmt"/>
          <line num="16" count="1" type="stmt"/>
          <line num="22" count="1" type="stmt"/>
          <line num="23" count="1" type="stmt"/>
          <line num="24" count="1" type="stmt"/>
          <line num="49" count="1" type="stmt"/>
        </file>
      </package>
      <package name="app.components.LongTermDebt">
        <metrics statements="4" coveredstatements="4" conditionals="4" coveredconditionals="2" methods="1" coveredmethods="1"/>
        <file name="LongTermDebt.jsx" path="D:\git\tech-screen\carousel\src\app\components\LongTermDebt\LongTermDebt.jsx">
          <metrics statements="4" coveredstatements="4" conditionals="4" coveredconditionals="2" methods="1" coveredmethods="1"/>
          <line num="8" count="2" type="stmt"/>
          <line num="10" count="2" type="stmt"/>
          <line num="11" count="1" type="stmt"/>
          <line num="29" count="2" type="stmt"/>
        </file>
      </package>
      <package name="app.polyfills">
        <metrics statements="9" coveredstatements="9" conditionals="4" coveredconditionals="2" methods="1" coveredmethods="1"/>
        <file name="node-fetch.js" path="D:\git\tech-screen\carousel\src\app\polyfills\node-fetch.js">
          <metrics statements="9" coveredstatements="9" conditionals="4" coveredconditionals="2" methods="1" coveredmethods="1"/>
          <line num="1" count="6" type="stmt"/>
          <line num="3" count="6" type="stmt"/>
          <line num="4" count="1" type="cond" truecount="1" falsecount="1"/>
          <line num="7" count="1" type="stmt"/>
          <line num="10" count="6" type="cond" truecount="1" falsecount="1"/>
          <line num="11" count="6" type="stmt"/>
          <line num="12" count="6" type="stmt"/>
          <line num="13" count="6" type="stmt"/>
          <line num="14" count="6" type="stmt"/>
        </file>
      </package>
      <package name="app.services">
        <metrics statements="2" coveredstatements="2" conditionals="0" coveredconditionals="0" methods="3" coveredmethods="1"/>
        <file name="Credit.js" path="D:\git\tech-screen\carousel\src\app\services\Credit.js">
          <metrics statements="2" coveredstatements="2" conditionals="0" coveredconditionals="0" methods="3" coveredmethods="1"/>
          <line num="3" count="1" type="stmt"/>
          <line num="4" count="1" type="stmt"/>
        </file>
      </package>
      <package name="app.utils">
        <metrics statements="46" coveredstatements="38" conditionals="48" coveredconditionals="41" methods="19" coveredmethods="14"/>
        <file name="bem.js" path="D:\git\tech-screen\carousel\src\app\utils\bem.js">
          <metrics statements="15" coveredstatements="15" conditionals="28" coveredconditionals="27" methods="5" coveredmethods="5"/>
          <line num="2" count="59" type="cond" truecount="2" falsecount="0"/>
          <line num="3" count="47" type="stmt"/>
          <line num="6" count="12" type="cond" truecount="2" falsecount="0"/>
          <line num="8" count="16" type="stmt"/>
          <line num="10" count="16" type="cond" truecount="2" falsecount="0"/>
          <line num="13" count="5" type="stmt"/>
          <line num="16" count="39" type="cond" truecount="3" falsecount="0"/>
          <line num="17" count="51" type="stmt"/>
          <line num="18" count="51" type="cond" truecount="2" falsecount="0"/>
          <line num="19" count="51" type="cond" truecount="4" falsecount="0"/>
          <line num="20" count="51" type="cond" truecount="4" falsecount="0"/>
          <line num="21" count="51" type="cond" truecount="2" falsecount="0"/>
          <line num="22" count="51" type="cond" truecount="2" falsecount="0"/>
          <line num="23" count="51" type="stmt"/>
          <line num="26" count="5" type="stmt"/>
        </file>
        <file name="fetch.js" path="D:\git\tech-screen\carousel\src\app\utils\fetch.js">
          <metrics statements="22" coveredstatements="16" conditionals="13" coveredconditionals="9" methods="13" coveredmethods="8"/>
          <line num="5" count="1" type="stmt"/>
          <line num="6" count="99" type="stmt"/>
          <line num="11" count="6" type="cond" truecount="3" falsecount="1"/>
          <line num="12" count="0" type="stmt"/>
          <line num="13" count="0" type="stmt"/>
          <line num="14" count="0" type="stmt"/>
          <line num="16" count="6" type="stmt"/>
          <line num="19" count="1" type="stmt"/>
          <line num="28" count="3" type="stmt"/>
          <line num="39" count="1" type="cond" truecount="1" falsecount="0"/>
          <line num="40" count="6" type="cond" truecount="2" falsecount="0"/>
          <line num="42" count="6" type="cond" truecount="2" falsecount="0"/>
          <line num="43" count="1" type="cond" truecount="1" falsecount="1"/>
          <line num="46" count="6" type="stmt"/>
          <line num="48" count="6" type="stmt"/>
          <line num="50" count="0" type="stmt"/>
          <line num="54" count="1" type="stmt"/>
          <line num="55" count="0" type="stmt"/>
          <line num="57" count="1" type="stmt"/>
          <line num="58" count="0" type="stmt"/>
          <line num="60" count="1" type="stmt"/>
          <line num="61" count="3" type="stmt"/>
        </file>
        <file name="index.js" path="D:\git\tech-screen\carousel\src\app\utils\index.js">
          <metrics statements="9" coveredstatements="7" conditionals="7" coveredconditionals="5" methods="1" coveredmethods="1"/>
          <line num="3" count="1" type="cond" truecount="2" falsecount="0"/>
          <line num="5" count="1" type="stmt"/>
          <line num="7" count="1" type="cond" truecount="2" falsecount="1"/>
          <line num="9" count="1" type="stmt"/>
          <line num="10" count="1" type="cond" truecount="1" falsecount="1"/>
          <line num="11" count="0" type="stmt"/>
          <line num="12" count="0" type="stmt"/>
          <line num="14" count="1" type="stmt"/>
          <line num="17" count="1" type="stmt"/>
        </file>
      </package>
      <package name="config">
        <metrics statements="17" coveredstatements="16" conditionals="16" coveredconditionals="7" methods="1" coveredmethods="1"/>
        <file name="environment.js" path="D:\git\tech-screen\carousel\src\config\environment.js">
          <metrics statements="17" coveredstatements="16" conditionals="16" coveredconditionals="7" methods="1" coveredmethods="1"/>
          <line num="1" count="2" type="stmt"/>
          <line num="3" count="2" type="stmt"/>
          <line num="4" count="2" type="stmt"/>
          <line num="6" count="2" type="stmt"/>
          <line num="8" count="2" type="cond" truecount="1" falsecount="1"/>
          <line num="10" count="0" type="cond" truecount="0" falsecount="2"/>
          <line num="13" count="2" type="cond" truecount="1" falsecount="1"/>
          <line num="15" count="2" type="stmt"/>
          <line num="19" count="2" type="cond" truecount="1" falsecount="1"/>
          <line num="20" count="2" type="cond" truecount="1" falsecount="1"/>
          <line num="21" count="2" type="cond" truecount="1" falsecount="1"/>
          <line num="23" count="2" type="cond" truecount="1" falsecount="1"/>
          <line num="25" count="2" type="stmt"/>
          <line num="37" count="2" type="cond" truecount="1" falsecount="1"/>
          <line num="38" count="2" type="stmt"/>
          <line num="39" count="2" type="stmt"/>
          <line num="42" count="2" type="stmt"/>
        </file>
      </package>
    </metrics>
  </project>
</coverage>
