{"/Users/heathercoraje/Documents/interview/tech-screen/carousel/src/app/creditReport.js": {"path":"/Users/heathercoraje/Documents/interview/tech-screen/carousel/src/app/creditReport.js","statementMap":{"0":{"start":{"line":1,"column":21},"end":{"line":43,"column":1}},"1":{"start":{"line":45,"column":0},"end":{"line":45,"column":34}}},"fnMap":{},"branchMap":{},"s":{"0":1,"1":1},"f":{},"b":{},"_coverageSchema":"332fd63041d2c1bcb487cc26dd0d5f7d97098a6c","hash":"7705bab36a688026e72dd800218674166e7ba19b"}
,"/Users/heathercoraje/Documents/interview/tech-screen/carousel/src/app/components/Arc/Arc.jsx": {"path":"/Users/heathercoraje/Documents/interview/tech-screen/carousel/src/app/components/Arc/Arc.jsx","statementMap":{"0":{"start":{"line":8,"column":4},"end":{"line":8,"column":21}},"1":{"start":{"line":13,"column":4},"end":{"line":13,"column":42}},"2":{"start":{"line":14,"column":4},"end":{"line":14,"column":42}},"3":{"start":{"line":18,"column":15},"end":{"line":18,"column":18}},"4":{"start":{"line":20,"column":4},"end":{"line":27,"column":64}},"5":{"start":{"line":31,"column":15},"end":{"line":31,"column":30}},"6":{"start":{"line":32,"column":4},"end":{"line":32,"column":35}},"7":{"start":{"line":33,"column":4},"end":{"line":37,"column":21}},"8":{"start":{"line":41,"column":14},"end":{"line":41,"column":25}},"9":{"start":{"line":42,"column":4},"end":{"line":46,"column":29}},"10":{"start":{"line":51,"column":4},"end":{"line":55,"column":29}},"11":{"start":{"line":65,"column":4},"end":{"line":65,"column":45}}},"fnMap":{"0":{"name":"(anonymous_0)","decl":{"start":{"line":7,"column":2},"end":{"line":7,"column":3}},"loc":{"start":{"line":7,"column":22},"end":{"line":10,"column":3}},"line":7},"1":{"name":"(anonymous_1)","decl":{"start":{"line":11,"column":14},"end":{"line":11,"column":15}},"loc":{"start":{"line":11,"column":20},"end":{"line":15,"column":3}},"line":11},"2":{"name":"(anonymous_2)","decl":{"start":{"line":17,"column":15},"end":{"line":17,"column":16}},"loc":{"start":{"line":17,"column":21},"end":{"line":28,"column":3}},"line":17},"3":{"name":"(anonymous_3)","decl":{"start":{"line":30,"column":8},"end":{"line":30,"column":9}},"loc":{"start":{"line":30,"column":14},"end":{"line":38,"column":3}},"line":30},"4":{"name":"(anonymous_4)","decl":{"start":{"line":40,"column":18},"end":{"line":40,"column":19}},"loc":{"start":{"line":40,"column":29},"end":{"line":47,"column":3}},"line":40},"5":{"name":"(anonymous_5)","decl":{"start":{"line":49,"column":18},"end":{"line":49,"column":19}},"loc":{"start":{"line":49,"column":29},"end":{"line":56,"column":3}},"line":49},"6":{"name":"(anonymous_6)","decl":{"start":{"line":64,"column":2},"end":{"line":64,"column":3}},"loc":{"start":{"line":64,"column":11},"end":{"line":66,"column":3}},"line":64}},"branchMap":{},"s":{"0":0,"1":0,"2":0,"3":0,"4":0,"5":0,"6":0,"7":0,"8":0,"9":0,"10":0,"11":0},"f":{"0":0,"1":0,"2":0,"3":0,"4":0,"5":0,"6":0},"b":{},"_coverageSchema":"332fd63041d2c1bcb487cc26dd0d5f7d97098a6c","hash":"46c19c2c7a35fb0016b19f89023cb04bf592fcc5"}
,"/Users/heathercoraje/Documents/interview/tech-screen/carousel/src/app/components/Carousel/Carousel.jsx": {"path":"/Users/heathercoraje/Documents/interview/tech-screen/carousel/src/app/components/Carousel/Carousel.jsx","statementMap":{"0":{"start":{"line":13,"column":4},"end":{"line":13,"column":47}},"1":{"start":{"line":16,"column":16},"end":{"line":16,"column":46}},"2":{"start":{"line":17,"column":4},"end":{"line":17,"column":29}},"3":{"start":{"line":20,"column":4},"end":{"line":22,"column":57}},"4":{"start":{"line":21,"column":6},"end":{"line":21,"column":57}},"5":{"start":{"line":22,"column":9},"end":{"line":22,"column":57}},"6":{"start":{"line":25,"column":17},"end":{"line":25,"column":20}},"7":{"start":{"line":26,"column":18},"end":{"line":26,"column":34}},"8":{"start":{"line":27,"column":4},"end":{"line":32,"column":6}}},"fnMap":{"0":{"name":"(anonymous_0)","decl":{"start":{"line":12,"column":2},"end":{"line":12,"column":3}},"loc":{"start":{"line":12,"column":22},"end":{"line":14,"column":3}},"line":12},"1":{"name":"(anonymous_1)","decl":{"start":{"line":15,"column":16},"end":{"line":15,"column":17}},"loc":{"start":{"line":15,"column":22},"end":{"line":18,"column":3}},"line":15},"2":{"name":"(anonymous_2)","decl":{"start":{"line":19,"column":17},"end":{"line":19,"column":18}},"loc":{"start":{"line":19,"column":23},"end":{"line":23,"column":3}},"line":19},"3":{"name":"(anonymous_3)","decl":{"start":{"line":24,"column":2},"end":{"line":24,"column":3}},"loc":{"start":{"line":24,"column":11},"end":{"line":33,"column":3}},"line":24}},"branchMap":{"0":{"loc":{"start":{"line":16,"column":16},"end":{"line":16,"column":46}},"type":"cond-expr","locations":[{"start":{"line":16,"column":41},"end":{"line":16,"column":42}},{"start":{"line":16,"column":45},"end":{"line":16,"column":46}}],"line":16},"1":{"loc":{"start":{"line":20,"column":4},"end":{"line":22,"column":57}},"type":"if","locations":[{"start":{"line":20,"column":4},"end":{"line":22,"column":57}},{"start":{"line":20,"column":4},"end":{"line":22,"column":57}}],"line":20}},"s":{"0":0,"1":0,"2":0,"3":0,"4":0,"5":0,"6":0,"7":0,"8":0},"f":{"0":0,"1":0,"2":0,"3":0},"b":{"0":[0,0],"1":[0,0]},"_coverageSchema":"332fd63041d2c1bcb487cc26dd0d5f7d97098a6c","hash":"397f6a1d476eccb883cf651412af5026342a5857"}
,"/Users/heathercoraje/Documents/interview/tech-screen/carousel/src/app/components/Dashboard/Dashboard.jsx": {"path":"/Users/heathercoraje/Documents/interview/tech-screen/carousel/src/app/components/Dashboard/Dashboard.jsx","statementMap":{"0":{"start":{"line":9,"column":16},"end":{"line":9,"column":58}},"1":{"start":{"line":13,"column":4},"end":{"line":17,"column":6}}},"fnMap":{"0":{"name":"(anonymous_0)","decl":{"start":{"line":12,"column":2},"end":{"line":12,"column":3}},"loc":{"start":{"line":12,"column":11},"end":{"line":18,"column":3}},"line":12}},"branchMap":{},"s":{"0":1,"1":1},"f":{"0":1},"b":{},"_coverageSchema":"332fd63041d2c1bcb487cc26dd0d5f7d97098a6c","hash":"a1b04a5ce7ed2b9adb3c1945f99b52e0d666aa2c"}
,"/Users/heathercoraje/Documents/interview/tech-screen/carousel/src/app/components/DebtIndicator/DebtIndicator.jsx": {"path":"/Users/heathercoraje/Documents/interview/tech-screen/carousel/src/app/components/DebtIndicator/DebtIndicator.jsx","statementMap":{"0":{"start":{"line":4,"column":18},"end":{"line":11,"column":1}},"1":{"start":{"line":13,"column":16},"end":{"line":21,"column":1}},"2":{"start":{"line":23,"column":22},"end":{"line":33,"column":1}},"3":{"start":{"line":24,"column":2},"end":{"line":32,"column":4}}},"fnMap":{"0":{"name":"(anonymous_0)","decl":{"start":{"line":23,"column":22},"end":{"line":23,"column":23}},"loc":{"start":{"line":23,"column":31},"end":{"line":33,"column":1}},"line":23}},"branchMap":{},"s":{"0":2,"1":2,"2":2,"3":1},"f":{"0":1},"b":{},"_coverageSchema":"332fd63041d2c1bcb487cc26dd0d5f7d97098a6c","hash":"07e6036c0ad46aa70f7574ad40af43292a38b448"}
,"/Users/heathercoraje/Documents/interview/tech-screen/carousel/src/app/components/ScoreIndicator/ScoreIndicator.jsx": {"path":"/Users/heathercoraje/Documents/interview/tech-screen/carousel/src/app/components/ScoreIndicator/ScoreIndicator.jsx","statementMap":{"0":{"start":{"line":4,"column":18},"end":{"line":14,"column":1}},"1":{"start":{"line":16,"column":16},"end":{"line":24,"column":1}},"2":{"start":{"line":26,"column":23},"end":{"line":36,"column":1}},"3":{"start":{"line":27,"column":2},"end":{"line":35,"column":4}}},"fnMap":{"0":{"name":"(anonymous_0)","decl":{"start":{"line":26,"column":23},"end":{"line":26,"column":24}},"loc":{"start":{"line":26,"column":32},"end":{"line":36,"column":1}},"line":26}},"branchMap":{},"s":{"0":2,"1":2,"2":2,"3":1},"f":{"0":1},"b":{},"_coverageSchema":"332fd63041d2c1bcb487cc26dd0d5f7d97098a6c","hash":"42ac83795e89c8a4b989a6cca8eb18963ca52a1f"}
,"/Users/heathercoraje/Documents/interview/tech-screen/carousel/src/app/polyfills/node-fetch.js": {"path":"/Users/heathercoraje/Documents/interview/tech-screen/carousel/src/app/polyfills/node-fetch.js","statementMap":{"0":{"start":{"line":1,"column":18},"end":{"line":1,"column":39}},"1":{"start":{"line":3,"column":0},"end":{"line":8,"column":2}},"2":{"start":{"line":4,"column":20},"end":{"line":6,"column":9}},"3":{"start":{"line":7,"column":2},"end":{"line":7,"column":50}},"4":{"start":{"line":10,"column":0},"end":{"line":15,"column":1}},"5":{"start":{"line":11,"column":2},"end":{"line":11,"column":32}},"6":{"start":{"line":12,"column":2},"end":{"line":12,"column":39}},"7":{"start":{"line":13,"column":2},"end":{"line":13,"column":37}},"8":{"start":{"line":14,"column":2},"end":{"line":14,"column":37}}},"fnMap":{"0":{"name":"(anonymous_0)","decl":{"start":{"line":3,"column":17},"end":{"line":3,"column":18}},"loc":{"start":{"line":3,"column":35},"end":{"line":8,"column":1}},"line":3}},"branchMap":{"0":{"loc":{"start":{"line":4,"column":20},"end":{"line":6,"column":9}},"type":"cond-expr","locations":[{"start":{"line":5,"column":6},"end":{"line":5,"column":20}},{"start":{"line":6,"column":6},"end":{"line":6,"column":9}}],"line":4},"1":{"loc":{"start":{"line":10,"column":0},"end":{"line":15,"column":1}},"type":"if","locations":[{"start":{"line":10,"column":0},"end":{"line":15,"column":1}},{"start":{"line":10,"column":0},"end":{"line":15,"column":1}}],"line":10}},"s":{"0":5,"1":5,"2":0,"3":0,"4":5,"5":5,"6":5,"7":5,"8":5},"f":{"0":0},"b":{"0":[0,0],"1":[5,0]},"_coverageSchema":"332fd63041d2c1bcb487cc26dd0d5f7d97098a6c","hash":"3fc3a308368e1f445d1db0d4a2fbf36eec62be39"}
,"/Users/heathercoraje/Documents/interview/tech-screen/carousel/src/app/utils/bem.js": {"path":"/Users/heathercoraje/Documents/interview/tech-screen/carousel/src/app/utils/bem.js","statementMap":{"0":{"start":{"line":2,"column":2},"end":{"line":4,"column":3}},"1":{"start":{"line":3,"column":4},"end":{"line":3,"column":37}},"2":{"start":{"line":6,"column":21},"end":{"line":8,"column":68}},"3":{"start":{"line":8,"column":49},"end":{"line":8,"column":67}},"4":{"start":{"line":10,"column":2},"end":{"line":10,"column":102}},"5":{"start":{"line":10,"column":48},"end":{"line":10,"column":96}},"6":{"start":{"line":13,"column":12},"end":{"line":24,"column":3}},"7":{"start":{"line":16,"column":2},"end":{"line":24,"column":3}},"8":{"start":{"line":17,"column":23},"end":{"line":17,"column":42}},"9":{"start":{"line":18,"column":25},"end":{"line":18,"column":84}},"10":{"start":{"line":19,"column":26},"end":{"line":19,"column":111}},"11":{"start":{"line":20,"column":28},"end":{"line":20,"column":114}},"12":{"start":{"line":21,"column":23},"end":{"line":21,"column":56}},"13":{"start":{"line":22,"column":23},"end":{"line":22,"column":92}},"14":{"start":{"line":23,"column":4},"end":{"line":23,"column":44}},"15":{"start":{"line":26,"column":0},"end":{"line":26,"column":21}}},"fnMap":{"0":{"name":"toClass","decl":{"start":{"line":1,"column":9},"end":{"line":1,"column":16}},"loc":{"start":{"line":1,"column":44},"end":{"line":11,"column":1}},"line":1},"1":{"name":"(anonymous_1)","decl":{"start":{"line":8,"column":34},"end":{"line":8,"column":35}},"loc":{"start":{"line":8,"column":49},"end":{"line":8,"column":67}},"line":8},"2":{"name":"(anonymous_2)","decl":{"start":{"line":10,"column":27},"end":{"line":10,"column":28}},"loc":{"start":{"line":10,"column":48},"end":{"line":10,"column":96}},"line":10},"3":{"name":"(anonymous_3)","decl":{"start":{"line":13,"column":12},"end":{"line":13,"column":13}},"loc":{"start":{"line":16,"column":2},"end":{"line":24,"column":3}},"line":16},"4":{"name":"(anonymous_4)","decl":{"start":{"line":16,"column":2},"end":{"line":16,"column":3}},"loc":{"start":{"line":16,"column":47},"end":{"line":24,"column":3}},"line":16}},"branchMap":{"0":{"loc":{"start":{"line":1,"column":17},"end":{"line":1,"column":29}},"type":"default-arg","locations":[{"start":{"line":1,"column":27},"end":{"line":1,"column":29}}],"line":1},"1":{"loc":{"start":{"line":1,"column":31},"end":{"line":1,"column":42}},"type":"default-arg","locations":[{"start":{"line":1,"column":40},"end":{"line":1,"column":42}}],"line":1},"2":{"loc":{"start":{"line":2,"column":2},"end":{"line":4,"column":3}},"type":"if","locations":[{"start":{"line":2,"column":2},"end":{"line":4,"column":3}},{"start":{"line":2,"column":2},"end":{"line":4,"column":3}}],"line":2},"3":{"loc":{"start":{"line":6,"column":21},"end":{"line":8,"column":68}},"type":"cond-expr","locations":[{"start":{"line":7,"column":6},"end":{"line":7,"column":13}},{"start":{"line":8,"column":6},"end":{"line":8,"column":68}}],"line":6},"4":{"loc":{"start":{"line":10,"column":51},"end":{"line":10,"column":73}},"type":"cond-expr","locations":[{"start":{"line":10,"column":58},"end":{"line":10,"column":68}},{"start":{"line":10,"column":71},"end":{"line":10,"column":73}}],"line":10},"5":{"loc":{"start":{"line":14,"column":2},"end":{"line":14,"column":13}},"type":"default-arg","locations":[{"start":{"line":14,"column":11},"end":{"line":14,"column":13}}],"line":14},"6":{"loc":{"start":{"line":14,"column":22},"end":{"line":14,"column":42}},"type":"default-arg","locations":[{"start":{"line":14,"column":38},"end":{"line":14,"column":42}}],"line":14},"7":{"loc":{"start":{"line":14,"column":44},"end":{"line":14,"column":65}},"type":"default-arg","locations":[{"start":{"line":14,"column":61},"end":{"line":14,"column":65}}],"line":14},"8":{"loc":{"start":{"line":16,"column":3},"end":{"line":16,"column":15}},"type":"default-arg","locations":[{"start":{"line":16,"column":13},"end":{"line":16,"column":15}}],"line":16},"9":{"loc":{"start":{"line":16,"column":17},"end":{"line":16,"column":30}},"type":"default-arg","locations":[{"start":{"line":16,"column":28},"end":{"line":16,"column":30}}],"line":16},"10":{"loc":{"start":{"line":16,"column":32},"end":{"line":16,"column":42}},"type":"default-arg","locations":[{"start":{"line":16,"column":40},"end":{"line":16,"column":42}}],"line":16},"11":{"loc":{"start":{"line":18,"column":25},"end":{"line":18,"column":84}},"type":"cond-expr","locations":[{"start":{"line":18,"column":35},"end":{"line":18,"column":79}},{"start":{"line":18,"column":82},"end":{"line":18,"column":84}}],"line":18},"12":{"loc":{"start":{"line":19,"column":26},"end":{"line":19,"column":111}},"type":"cond-expr","locations":[{"start":{"line":19,"column":54},"end":{"line":19,"column":106}},{"start":{"line":19,"column":109},"end":{"line":19,"column":111}}],"line":19},"13":{"loc":{"start":{"line":19,"column":26},"end":{"line":19,"column":51}},"type":"binary-expr","locations":[{"start":{"line":19,"column":26},"end":{"line":19,"column":34}},{"start":{"line":19,"column":38},"end":{"line":19,"column":51}}],"line":19},"14":{"loc":{"start":{"line":20,"column":28},"end":{"line":20,"column":114}},"type":"cond-expr","locations":[{"start":{"line":20,"column":55},"end":{"line":20,"column":109}},{"start":{"line":20,"column":112},"end":{"line":20,"column":114}}],"line":20},"15":{"loc":{"start":{"line":20,"column":28},"end":{"line":20,"column":52}},"type":"binary-expr","locations":[{"start":{"line":20,"column":28},"end":{"line":20,"column":36}},{"start":{"line":20,"column":40},"end":{"line":20,"column":52}}],"line":20},"16":{"loc":{"start":{"line":21,"column":23},"end":{"line":21,"column":56}},"type":"cond-expr","locations":[{"start":{"line":21,"column":31},"end":{"line":21,"column":51}},{"start":{"line":21,"column":54},"end":{"line":21,"column":56}}],"line":21},"17":{"loc":{"start":{"line":22,"column":23},"end":{"line":22,"column":92}},"type":"cond-expr","locations":[{"start":{"line":22,"column":33},"end":{"line":22,"column":63}},{"start":{"line":22,"column":66},"end":{"line":22,"column":92}}],"line":22}},"s":{"0":36,"1":24,"2":12,"3":16,"4":12,"5":16,"6":1,"7":32,"8":28,"9":28,"10":28,"11":28,"12":28,"13":28,"14":28,"15":1},"f":{"0":36,"1":16,"2":16,"3":32,"4":28},"b":{"0":[0],"1":[12],"2":[24,12],"3":[4,8],"4":[6,10],"5":[16],"6":[32],"7":[32],"8":[2],"9":[4],"10":[16],"11":[8,20],"12":[12,16],"13":[28,16],"14":[4,24],"15":[28,16],"16":[12,16],"17":[8,20]},"_coverageSchema":"332fd63041d2c1bcb487cc26dd0d5f7d97098a6c","hash":"80a99cc4c74a9108045c448f0fb428a1975c8e4d"}
,"/Users/heathercoraje/Documents/interview/tech-screen/carousel/src/app/utils/fetch.js": {"path":"/Users/heathercoraje/Documents/interview/tech-screen/carousel/src/app/utils/fetch.js","statementMap":{"0":{"start":{"line":5,"column":2},"end":{"line":7,"column":15}},"1":{"start":{"line":6,"column":18},"end":{"line":6,"column":81}},"2":{"start":{"line":11,"column":2},"end":{"line":15,"column":3}},"3":{"start":{"line":12,"column":18},"end":{"line":12,"column":48}},"4":{"start":{"line":13,"column":4},"end":{"line":13,"column":30}},"5":{"start":{"line":14,"column":4},"end":{"line":14,"column":16}},"6":{"start":{"line":16,"column":2},"end":{"line":16,"column":18}},"7":{"start":{"line":19,"column":17},"end":{"line":26,"column":2}},"8":{"start":{"line":19,"column":36},"end":{"line":26,"column":1}},"9":{"start":{"line":28,"column":20},"end":{"line":37,"column":2}},"10":{"start":{"line":28,"column":39},"end":{"line":37,"column":1}},"11":{"start":{"line":39,"column":24},"end":{"line":52,"column":1}},"12":{"start":{"line":40,"column":12},"end":{"line":40,"column":77}},"13":{"start":{"line":42,"column":2},"end":{"line":44,"column":3}},"14":{"start":{"line":43,"column":4},"end":{"line":43,"column":76}},"15":{"start":{"line":46,"column":2},"end":{"line":51,"column":7}},"16":{"start":{"line":48,"column":24},"end":{"line":48,"column":39}},"17":{"start":{"line":50,"column":6},"end":{"line":50,"column":49}},"18":{"start":{"line":54,"column":23},"end":{"line":55,"column":80}},"19":{"start":{"line":55,"column":2},"end":{"line":55,"column":80}},"20":{"start":{"line":55,"column":63},"end":{"line":55,"column":79}},"21":{"start":{"line":57,"column":24},"end":{"line":58,"column":48}},"22":{"start":{"line":58,"column":2},"end":{"line":58,"column":48}},"23":{"start":{"line":60,"column":28},"end":{"line":61,"column":93}},"24":{"start":{"line":61,"column":2},"end":{"line":61,"column":93}},"25":{"start":{"line":61,"column":72},"end":{"line":61,"column":92}}},"fnMap":{"0":{"name":"queryParams","decl":{"start":{"line":4,"column":9},"end":{"line":4,"column":20}},"loc":{"start":{"line":4,"column":29},"end":{"line":8,"column":1}},"line":4},"1":{"name":"(anonymous_1)","decl":{"start":{"line":6,"column":9},"end":{"line":6,"column":10}},"loc":{"start":{"line":6,"column":18},"end":{"line":6,"column":81}},"line":6},"2":{"name":"checkStatus","decl":{"start":{"line":10,"column":16},"end":{"line":10,"column":27}},"loc":{"start":{"line":10,"column":38},"end":{"line":17,"column":1}},"line":10},"3":{"name":"(anonymous_3)","decl":{"start":{"line":19,"column":17},"end":{"line":19,"column":18}},"loc":{"start":{"line":19,"column":36},"end":{"line":26,"column":1}},"line":19},"4":{"name":"(anonymous_4)","decl":{"start":{"line":28,"column":20},"end":{"line":28,"column":21}},"loc":{"start":{"line":28,"column":39},"end":{"line":37,"column":1}},"line":28},"5":{"name":"(anonymous_5)","decl":{"start":{"line":39,"column":24},"end":{"line":39,"column":25}},"loc":{"start":{"line":39,"column":49},"end":{"line":52,"column":1}},"line":39},"6":{"name":"(anonymous_6)","decl":{"start":{"line":48,"column":10},"end":{"line":48,"column":11}},"loc":{"start":{"line":48,"column":24},"end":{"line":48,"column":39}},"line":48},"7":{"name":"(anonymous_7)","decl":{"start":{"line":49,"column":11},"end":{"line":49,"column":12}},"loc":{"start":{"line":49,"column":22},"end":{"line":51,"column":5}},"line":49},"8":{"name":"(anonymous_8)","decl":{"start":{"line":54,"column":23},"end":{"line":54,"column":24}},"loc":{"start":{"line":55,"column":2},"end":{"line":55,"column":80}},"line":55},"9":{"name":"(anonymous_9)","decl":{"start":{"line":55,"column":53},"end":{"line":55,"column":54}},"loc":{"start":{"line":55,"column":63},"end":{"line":55,"column":79}},"line":55},"10":{"name":"(anonymous_10)","decl":{"start":{"line":57,"column":24},"end":{"line":57,"column":25}},"loc":{"start":{"line":58,"column":2},"end":{"line":58,"column":48}},"line":58},"11":{"name":"(anonymous_11)","decl":{"start":{"line":60,"column":28},"end":{"line":60,"column":29}},"loc":{"start":{"line":61,"column":2},"end":{"line":61,"column":93}},"line":61},"12":{"name":"(anonymous_12)","decl":{"start":{"line":61,"column":58},"end":{"line":61,"column":59}},"loc":{"start":{"line":61,"column":72},"end":{"line":61,"column":92}},"line":61}},"branchMap":{"0":{"loc":{"start":{"line":11,"column":2},"end":{"line":15,"column":3}},"type":"if","locations":[{"start":{"line":11,"column":2},"end":{"line":15,"column":3}},{"start":{"line":11,"column":2},"end":{"line":15,"column":3}}],"line":11},"1":{"loc":{"start":{"line":11,"column":6},"end":{"line":11,"column":53}},"type":"binary-expr","locations":[{"start":{"line":11,"column":6},"end":{"line":11,"column":27}},{"start":{"line":11,"column":31},"end":{"line":11,"column":53}}],"line":11},"2":{"loc":{"start":{"line":25,"column":8},"end":{"line":25,"column":36}},"type":"binary-expr","locations":[{"start":{"line":25,"column":8},"end":{"line":25,"column":12}},{"start":{"line":25,"column":16},"end":{"line":25,"column":36}}],"line":25},"3":{"loc":{"start":{"line":39,"column":35},"end":{"line":39,"column":44}},"type":"default-arg","locations":[{"start":{"line":39,"column":42},"end":{"line":39,"column":44}}],"line":39},"4":{"loc":{"start":{"line":40,"column":12},"end":{"line":40,"column":77}},"type":"cond-expr","locations":[{"start":{"line":40,"column":42},"end":{"line":40,"column":50}},{"start":{"line":40,"column":53},"end":{"line":40,"column":77}}],"line":40},"5":{"loc":{"start":{"line":42,"column":2},"end":{"line":44,"column":3}},"type":"if","locations":[{"start":{"line":42,"column":2},"end":{"line":44,"column":3}},{"start":{"line":42,"column":2},"end":{"line":44,"column":3}}],"line":42},"6":{"loc":{"start":{"line":43,"column":12},"end":{"line":43,"column":47}},"type":"cond-expr","locations":[{"start":{"line":43,"column":38},"end":{"line":43,"column":41}},{"start":{"line":43,"column":44},"end":{"line":43,"column":47}}],"line":43}},"s":{"0":1,"1":96,"2":6,"3":0,"4":0,"5":0,"6":6,"7":1,"8":0,"9":1,"10":3,"11":1,"12":6,"13":6,"14":1,"15":6,"16":6,"17":0,"18":1,"19":0,"20":0,"21":1,"22":0,"23":1,"24":3,"25":3},"f":{"0":1,"1":96,"2":6,"3":0,"4":3,"5":6,"6":6,"7":0,"8":0,"9":0,"10":0,"11":3,"12":3},"b":{"0":[0,6],"1":[6,6],"2":[0,0],"3":[2],"4":[1,5],"5":[1,5],"6":[1,0]},"_coverageSchema":"332fd63041d2c1bcb487cc26dd0d5f7d97098a6c","hash":"634511c5b8c815c813edb4084e7496fa9dc7fc7e"}
,"/Users/heathercoraje/Documents/interview/tech-screen/carousel/src/app/utils/index.js": {"path":"/Users/heathercoraje/Documents/interview/tech-screen/carousel/src/app/utils/index.js","statementMap":{"0":{"start":{"line":3,"column":18},"end":{"line":3,"column":64}},"1":{"start":{"line":5,"column":25},"end":{"line":5,"column":54}},"2":{"start":{"line":7,"column":25},"end":{"line":7,"column":134}},"3":{"start":{"line":9,"column":20},"end":{"line":15,"column":1}},"4":{"start":{"line":10,"column":2},"end":{"line":13,"column":3}},"5":{"start":{"line":11,"column":25},"end":{"line":11,"column":31}},"6":{"start":{"line":12,"column":4},"end":{"line":12,"column":27}},"7":{"start":{"line":14,"column":2},"end":{"line":14,"column":48}},"8":{"start":{"line":17,"column":24},"end":{"line":17,"column":37}}},"fnMap":{"0":{"name":"(anonymous_0)","decl":{"start":{"line":9,"column":20},"end":{"line":9,"column":21}},"loc":{"start":{"line":9,"column":26},"end":{"line":15,"column":1}},"line":9}},"branchMap":{"0":{"loc":{"start":{"line":3,"column":18},"end":{"line":3,"column":64}},"type":"binary-expr","locations":[{"start":{"line":3,"column":18},"end":{"line":3,"column":34}},{"start":{"line":3,"column":38},"end":{"line":3,"column":64}}],"line":3},"1":{"loc":{"start":{"line":7,"column":25},"end":{"line":7,"column":134}},"type":"binary-expr","locations":[{"start":{"line":7,"column":25},"end":{"line":7,"column":57}},{"start":{"line":7,"column":61},"end":{"line":7,"column":95}},{"start":{"line":7,"column":99},"end":{"line":7,"column":134}}],"line":7},"2":{"loc":{"start":{"line":10,"column":2},"end":{"line":13,"column":3}},"type":"if","locations":[{"start":{"line":10,"column":2},"end":{"line":13,"column":3}},{"start":{"line":10,"column":2},"end":{"line":13,"column":3}}],"line":10}},"s":{"0":1,"1":1,"2":1,"3":1,"4":1,"5":0,"6":0,"7":1,"8":1},"f":{"0":1},"b":{"0":[1,1],"1":[1,1,0],"2":[0,1]},"_coverageSchema":"332fd63041d2c1bcb487cc26dd0d5f7d97098a6c","hash":"71bdb91de1ff8bf2e6d7db157cba6b926927722c"}
,"/Users/heathercoraje/Documents/interview/tech-screen/carousel/src/config/environment.js": {"path":"/Users/heathercoraje/Documents/interview/tech-screen/carousel/src/config/environment.js","statementMap":{"0":{"start":{"line":1,"column":14},"end":{"line":1,"column":30}},"1":{"start":{"line":3,"column":12},"end":{"line":3,"column":37}},"2":{"start":{"line":4,"column":13},"end":{"line":4,"column":15}},"3":{"start":{"line":6,"column":18},"end":{"line":35,"column":1}},"4":{"start":{"line":8,"column":2},"end":{"line":11,"column":3}},"5":{"start":{"line":10,"column":4},"end":{"line":10,"column":94}},"6":{"start":{"line":10,"column":55},"end":{"line":10,"column":92}},"7":{"start":{"line":13,"column":2},"end":{"line":16,"column":3}},"8":{"start":{"line":15,"column":4},"end":{"line":15,"column":30}},"9":{"start":{"line":19,"column":2},"end":{"line":19,"column":91}},"10":{"start":{"line":19,"column":53},"end":{"line":19,"column":89}},"11":{"start":{"line":20,"column":2},"end":{"line":20,"column":79}},"12":{"start":{"line":20,"column":50},"end":{"line":20,"column":77}},"13":{"start":{"line":21,"column":2},"end":{"line":21,"column":75}},"14":{"start":{"line":21,"column":49},"end":{"line":21,"column":73}},"15":{"start":{"line":23,"column":2},"end":{"line":23,"column":57}},"16":{"start":{"line":23,"column":25},"end":{"line":23,"column":57}},"17":{"start":{"line":25,"column":2},"end":{"line":34,"column":4}},"18":{"start":{"line":37,"column":0},"end":{"line":40,"column":1}},"19":{"start":{"line":38,"column":2},"end":{"line":38,"column":14}},"20":{"start":{"line":39,"column":2},"end":{"line":39,"column":14}},"21":{"start":{"line":42,"column":0},"end":{"line":42,"column":24}}},"fnMap":{"0":{"name":"(anonymous_0)","decl":{"start":{"line":6,"column":18},"end":{"line":6,"column":19}},"loc":{"start":{"line":6,"column":24},"end":{"line":35,"column":1}},"line":6}},"branchMap":{"0":{"loc":{"start":{"line":8,"column":2},"end":{"line":11,"column":3}},"type":"if","locations":[{"start":{"line":8,"column":2},"end":{"line":11,"column":3}},{"start":{"line":8,"column":2},"end":{"line":11,"column":3}}],"line":8},"1":{"loc":{"start":{"line":10,"column":4},"end":{"line":10,"column":94}},"type":"if","locations":[{"start":{"line":10,"column":4},"end":{"line":10,"column":94}},{"start":{"line":10,"column":4},"end":{"line":10,"column":94}}],"line":10},"2":{"loc":{"start":{"line":13,"column":2},"end":{"line":16,"column":3}},"type":"if","locations":[{"start":{"line":13,"column":2},"end":{"line":16,"column":3}},{"start":{"line":13,"column":2},"end":{"line":16,"column":3}}],"line":13},"3":{"loc":{"start":{"line":19,"column":2},"end":{"line":19,"column":91}},"type":"if","locations":[{"start":{"line":19,"column":2},"end":{"line":19,"column":91}},{"start":{"line":19,"column":2},"end":{"line":19,"column":91}}],"line":19},"4":{"loc":{"start":{"line":20,"column":2},"end":{"line":20,"column":79}},"type":"if","locations":[{"start":{"line":20,"column":2},"end":{"line":20,"column":79}},{"start":{"line":20,"column":2},"end":{"line":20,"column":79}}],"line":20},"5":{"loc":{"start":{"line":21,"column":2},"end":{"line":21,"column":75}},"type":"if","locations":[{"start":{"line":21,"column":2},"end":{"line":21,"column":75}},{"start":{"line":21,"column":2},"end":{"line":21,"column":75}}],"line":21},"6":{"loc":{"start":{"line":23,"column":2},"end":{"line":23,"column":57}},"type":"if","locations":[{"start":{"line":23,"column":2},"end":{"line":23,"column":57}},{"start":{"line":23,"column":2},"end":{"line":23,"column":57}}],"line":23},"7":{"loc":{"start":{"line":37,"column":0},"end":{"line":40,"column":1}},"type":"if","locations":[{"start":{"line":37,"column":0},"end":{"line":40,"column":1}},{"start":{"line":37,"column":0},"end":{"line":40,"column":1}}],"line":37}},"s":{"0":1,"1":1,"2":1,"3":1,"4":1,"5":0,"6":0,"7":1,"8":1,"9":1,"10":0,"11":1,"12":0,"13":1,"14":1,"15":1,"16":1,"17":1,"18":1,"19":1,"20":1,"21":1},"f":{"0":1},"b":{"0":[0,1],"1":[0,0],"2":[1,0],"3":[0,1],"4":[0,1],"5":[1,0],"6":[1,0],"7":[1,0]},"_coverageSchema":"332fd63041d2c1bcb487cc26dd0d5f7d97098a6c","hash":"7205a72f1d712f4b637c9d4ccf1b79bbe8d5cd9e"}
}
