{"D:\\git\\tech-screen\\carousel\\src\\app\\components\\Carousel\\Carousel.jsx": {"path":"D:\\git\\tech-screen\\carousel\\src\\app\\components\\Carousel\\Carousel.jsx","statementMap":{"0":{"start":{"line":7,"column":11},"end":{"line":7,"column":43}},"1":{"start":{"line":11,"column":4},"end":{"line":11,"column":17}},"2":{"start":{"line":12,"column":4},"end":{"line":14,"column":6}},"3":{"start":{"line":18,"column":4},"end":{"line":31,"column":6}},"4":{"start":{"line":21,"column":10},"end":{"line":28,"column":16}},"5":{"start":{"line":35,"column":22},"end":{"line":35,"column":50}},"6":{"start":{"line":36,"column":34},"end":{"line":36,"column":44}},"7":{"start":{"line":37,"column":29},"end":{"line":37,"column":60}},"8":{"start":{"line":38,"column":18},"end":{"line":38,"column":62}},"9":{"start":{"line":40,"column":4},"end":{"line":42,"column":7}},"10":{"start":{"line":45,"column":37},"end":{"line":47,"column":5}},"11":{"start":{"line":45,"column":77},"end":{"line":47,"column":4}},"12":{"start":{"line":49,"column":21},"end":{"line":51,"column":3}}},"fnMap":{"0":{"name":"(anonymous_0)","decl":{"start":{"line":10,"column":2},"end":{"line":10,"column":3}},"loc":{"start":{"line":10,"column":21},"end":{"line":15,"column":3}},"line":10},"1":{"name":"(anonymous_1)","decl":{"start":{"line":17,"column":2},"end":{"line":17,"column":3}},"loc":{"start":{"line":17,"column":11},"end":{"line":32,"column":3}},"line":17},"2":{"name":"(anonymous_2)","decl":{"start":{"line":20,"column":31},"end":{"line":20,"column":32}},"loc":{"start":{"line":21,"column":10},"end":{"line":28,"column":16}},"line":21},"3":{"name":"(anonymous_3)","decl":{"start":{"line":34,"column":14},"end":{"line":34,"column":15}},"loc":{"start":{"line":34,"column":20},"end":{"line":43,"column":3}},"line":34},"4":{"name":"(anonymous_4)","decl":{"start":{"line":45,"column":21},"end":{"line":45,"column":22}},"loc":{"start":{"line":45,"column":37},"end":{"line":47,"column":5}},"line":45},"5":{"name":"(anonymous_5)","decl":{"start":{"line":45,"column":59},"end":{"line":45,"column":60}},"loc":{"start":{"line":45,"column":77},"end":{"line":47,"column":4}},"line":45},"6":{"name":"(anonymous_6)","decl":{"start":{"line":49,"column":14},"end":{"line":49,"column":15}},"loc":{"start":{"line":49,"column":21},"end":{"line":51,"column":3}},"line":49}},"branchMap":{"0":{"loc":{"start":{"line":21,"column":65},"end":{"line":21,"column":121}},"type":"cond-expr","locations":[{"start":{"line":21,"column":106},"end":{"line":21,"column":116}},{"start":{"line":21,"column":119},"end":{"line":21,"column":121}}],"line":21},"1":{"loc":{"start":{"line":38,"column":18},"end":{"line":38,"column":62}},"type":"cond-expr","locations":[{"start":{"line":38,"column":37},"end":{"line":38,"column":38}},{"start":{"line":38,"column":41},"end":{"line":38,"column":62}}],"line":38},"2":{"loc":{"start":{"line":46,"column":44},"end":{"line":46,"column":80}},"type":"cond-expr","locations":[{"start":{"line":46,"column":67},"end":{"line":46,"column":75}},{"start":{"line":46,"column":78},"end":{"line":46,"column":80}}],"line":46}},"s":{"0":2,"1":2,"2":2,"3":2,"4":4,"5":1,"6":1,"7":1,"8":1,"9":1,"10":4,"11":8,"12":0},"f":{"0":2,"1":2,"2":4,"3":1,"4":4,"5":8,"6":0},"b":{"0":[2,2],"1":[0,1],"2":[4,4]},"_coverageSchema":"332fd63041d2c1bcb487cc26dd0d5f7d97098a6c","hash":"183278b5310b216f5c6bf82ec58e490f0569b04b"}
,"D:\\git\\tech-screen\\carousel\\src\\app\\components\\CreditScore\\CreditScore.jsx": {"path":"D:\\git\\tech-screen\\carousel\\src\\app\\components\\CreditScore\\CreditScore.jsx","statementMap":{"0":{"start":{"line":8,"column":11},"end":{"line":8,"column":46}},"1":{"start":{"line":10,"column":20},"end":{"line":21,"column":1}},"2":{"start":{"line":11,"column":2},"end":{"line":20,"column":8}},"3":{"start":{"line":23,"column":0},"end":{"line":27,"column":2}}},"fnMap":{"0":{"name":"(anonymous_0)","decl":{"start":{"line":10,"column":20},"end":{"line":10,"column":21}},"loc":{"start":{"line":11,"column":2},"end":{"line":20,"column":8}},"line":11}},"branchMap":{},"s":{"0":2,"1":2,"2":1,"3":2},"f":{"0":1},"b":{},"_coverageSchema":"332fd63041d2c1bcb487cc26dd0d5f7d97098a6c","hash":"fef1e10025febda13b879b06676c802c3b3670b5"}
,"D:\\git\\tech-screen\\carousel\\src\\app\\components\\Dashboard\\Dashboard.jsx": {"path":"D:\\git\\tech-screen\\carousel\\src\\app\\components\\Dashboard\\Dashboard.jsx","statementMap":{"0":{"start":{"line":10,"column":11},"end":{"line":10,"column":44}},"1":{"start":{"line":14,"column":4},"end":{"line":14,"column":17}},"2":{"start":{"line":16,"column":4},"end":{"line":18,"column":5}},"3":{"start":{"line":22,"column":4},"end":{"line":22,"column":33}},"4":{"start":{"line":23,"column":17},"end":{"line":23,"column":32}},"5":{"start":{"line":24,"column":4},"end":{"line":45,"column":5}},"6":{"start":{"line":49,"column":4},"end":{"line":49,"column":60}},"7":{"start":{"line":49,"column":37},"end":{"line":49,"column":58}}},"fnMap":{"0":{"name":"(anonymous_0)","decl":{"start":{"line":13,"column":2},"end":{"line":13,"column":3}},"loc":{"start":{"line":13,"column":21},"end":{"line":19,"column":3}},"line":13},"1":{"name":"(anonymous_1)","decl":{"start":{"line":21,"column":2},"end":{"line":21,"column":3}},"loc":{"start":{"line":21,"column":11},"end":{"line":46,"column":3}},"line":21},"2":{"name":"(anonymous_2)","decl":{"start":{"line":48,"column":2},"end":{"line":48,"column":3}},"loc":{"start":{"line":48,"column":22},"end":{"line":50,"column":3}},"line":48},"3":{"name":"(anonymous_3)","decl":{"start":{"line":49,"column":29},"end":{"line":49,"column":30}},"loc":{"start":{"line":49,"column":37},"end":{"line":49,"column":58}},"line":49}},"branchMap":{"0":{"loc":{"start":{"line":27,"column":11},"end":{"line":41,"column":29}},"type":"cond-expr","locations":[{"start":{"line":28,"column":12},"end":{"line":40,"column":14}},{"start":{"line":41,"column":12},"end":{"line":41,"column":29}}],"line":27},"1":{"loc":{"start":{"line":30,"column":21},"end":{"line":30,"column":36}},"type":"binary-expr","locations":[{"start":{"line":30,"column":21},"end":{"line":30,"column":31}},{"start":{"line":30,"column":35},"end":{"line":30,"column":36}}],"line":30},"2":{"loc":{"start":{"line":31,"column":19},"end":{"line":31,"column":42}},"type":"binary-expr","locations":[{"start":{"line":31,"column":19},"end":{"line":31,"column":37}},{"start":{"line":31,"column":41},"end":{"line":31,"column":42}}],"line":31},"3":{"loc":{"start":{"line":35,"column":21},"end":{"line":35,"column":50}},"type":"binary-expr","locations":[{"start":{"line":35,"column":21},"end":{"line":35,"column":45}},{"start":{"line":35,"column":49},"end":{"line":35,"column":50}}],"line":35},"4":{"loc":{"start":{"line":36,"column":21},"end":{"line":36,"column":97}},"type":"binary-expr","locations":[{"start":{"line":36,"column":21},"end":{"line":36,"column":52}},{"start":{"line":36,"column":56},"end":{"line":36,"column":92}},{"start":{"line":36,"column":96},"end":{"line":36,"column":97}}],"line":36}},"s":{"0":1,"1":1,"2":1,"3":1,"4":1,"5":1,"6":1,"7":0},"f":{"0":1,"1":1,"2":1,"3":0},"b":{"0":[0,1],"1":[0,0],"2":[0,0],"3":[0,0],"4":[0,0,0]},"_coverageSchema":"332fd63041d2c1bcb487cc26dd0d5f7d97098a6c","hash":"f09ea90b0741f875a228c2cd87f35ac9f1c23df3"}
,"D:\\git\\tech-screen\\carousel\\src\\app\\components\\LongTermDebt\\LongTermDebt.jsx": {"path":"D:\\git\\tech-screen\\carousel\\src\\app\\components\\LongTermDebt\\LongTermDebt.jsx","statementMap":{"0":{"start":{"line":8,"column":11},"end":{"line":8,"column":49}},"1":{"start":{"line":10,"column":21},"end":{"line":27,"column":1}},"2":{"start":{"line":11,"column":2},"end":{"line":26,"column":8}},"3":{"start":{"line":29,"column":0},"end":{"line":33,"column":2}}},"fnMap":{"0":{"name":"(anonymous_0)","decl":{"start":{"line":10,"column":21},"end":{"line":10,"column":22}},"loc":{"start":{"line":11,"column":2},"end":{"line":26,"column":8}},"line":11}},"branchMap":{"0":{"loc":{"start":{"line":18,"column":7},"end":{"line":23,"column":13}},"type":"cond-expr","locations":[{"start":{"line":19,"column":10},"end":{"line":19,"column":38}},{"start":{"line":20,"column":10},"end":{"line":23,"column":13}}],"line":18},"1":{"loc":{"start":{"line":22,"column":18},"end":{"line":22,"column":45}},"type":"cond-expr","locations":[{"start":{"line":22,"column":37},"end":{"line":22,"column":40}},{"start":{"line":22,"column":43},"end":{"line":22,"column":45}}],"line":22}},"s":{"0":2,"1":2,"2":1,"3":2},"f":{"0":1},"b":{"0":[0,1],"1":[0,1]},"_coverageSchema":"332fd63041d2c1bcb487cc26dd0d5f7d97098a6c","hash":"9b278b6174f6f024cdc98ebe3f1ab3b6f086f96f"}
,"D:\\git\\tech-screen\\carousel\\src\\app\\polyfills\\node-fetch.js": {"path":"D:\\git\\tech-screen\\carousel\\src\\app\\polyfills\\node-fetch.js","statementMap":{"0":{"start":{"line":1,"column":18},"end":{"line":1,"column":39}},"1":{"start":{"line":3,"column":0},"end":{"line":8,"column":2}},"2":{"start":{"line":4,"column":20},"end":{"line":6,"column":9}},"3":{"start":{"line":7,"column":2},"end":{"line":7,"column":50}},"4":{"start":{"line":10,"column":0},"end":{"line":15,"column":1}},"5":{"start":{"line":11,"column":2},"end":{"line":11,"column":32}},"6":{"start":{"line":12,"column":2},"end":{"line":12,"column":39}},"7":{"start":{"line":13,"column":2},"end":{"line":13,"column":37}},"8":{"start":{"line":14,"column":2},"end":{"line":14,"column":37}}},"fnMap":{"0":{"name":"(anonymous_0)","decl":{"start":{"line":3,"column":17},"end":{"line":3,"column":18}},"loc":{"start":{"line":3,"column":35},"end":{"line":8,"column":1}},"line":3}},"branchMap":{"0":{"loc":{"start":{"line":4,"column":20},"end":{"line":6,"column":9}},"type":"cond-expr","locations":[{"start":{"line":5,"column":6},"end":{"line":5,"column":20}},{"start":{"line":6,"column":6},"end":{"line":6,"column":9}}],"line":4},"1":{"loc":{"start":{"line":10,"column":0},"end":{"line":15,"column":1}},"type":"if","locations":[{"start":{"line":10,"column":0},"end":{"line":15,"column":1}},{"start":{"line":10,"column":0},"end":{"line":15,"column":1}}],"line":10}},"s":{"0":6,"1":6,"2":1,"3":1,"4":6,"5":6,"6":6,"7":6,"8":6},"f":{"0":1},"b":{"0":[0,1],"1":[6,0]},"_coverageSchema":"332fd63041d2c1bcb487cc26dd0d5f7d97098a6c","hash":"74ae9ac7e65bfd9a6125ed0564f3decb47aca9a5"}
,"D:\\git\\tech-screen\\carousel\\src\\app\\services\\Credit.js": {"path":"D:\\git\\tech-screen\\carousel\\src\\app\\services\\Credit.js","statementMap":{"0":{"start":{"line":3,"column":22},"end":{"line":5,"column":1}},"1":{"start":{"line":4,"column":13},"end":{"line":4,"column":122}},"2":{"start":{"line":4,"column":75},"end":{"line":4,"column":85}},"3":{"start":{"line":4,"column":100},"end":{"line":4,"column":121}}},"fnMap":{"0":{"name":"(anonymous_0)","decl":{"start":{"line":4,"column":7},"end":{"line":4,"column":8}},"loc":{"start":{"line":4,"column":13},"end":{"line":4,"column":122}},"line":4},"1":{"name":"(anonymous_1)","decl":{"start":{"line":4,"column":68},"end":{"line":4,"column":69}},"loc":{"start":{"line":4,"column":75},"end":{"line":4,"column":85}},"line":4},"2":{"name":"(anonymous_2)","decl":{"start":{"line":4,"column":92},"end":{"line":4,"column":93}},"loc":{"start":{"line":4,"column":100},"end":{"line":4,"column":121}},"line":4}},"branchMap":{},"s":{"0":1,"1":1,"2":0,"3":0},"f":{"0":1,"1":0,"2":0},"b":{},"_coverageSchema":"332fd63041d2c1bcb487cc26dd0d5f7d97098a6c","hash":"03bb62056a2c648b30a791d22ccaeee8caafeaab"}
,"D:\\git\\tech-screen\\carousel\\src\\app\\utils\\bem.js": {"path":"D:\\git\\tech-screen\\carousel\\src\\app\\utils\\bem.js","statementMap":{"0":{"start":{"line":2,"column":2},"end":{"line":4,"column":3}},"1":{"start":{"line":3,"column":4},"end":{"line":3,"column":37}},"2":{"start":{"line":6,"column":21},"end":{"line":8,"column":68}},"3":{"start":{"line":8,"column":49},"end":{"line":8,"column":67}},"4":{"start":{"line":10,"column":2},"end":{"line":10,"column":102}},"5":{"start":{"line":10,"column":48},"end":{"line":10,"column":96}},"6":{"start":{"line":13,"column":12},"end":{"line":24,"column":3}},"7":{"start":{"line":16,"column":2},"end":{"line":24,"column":3}},"8":{"start":{"line":17,"column":23},"end":{"line":17,"column":42}},"9":{"start":{"line":18,"column":25},"end":{"line":18,"column":84}},"10":{"start":{"line":19,"column":26},"end":{"line":19,"column":111}},"11":{"start":{"line":20,"column":28},"end":{"line":20,"column":114}},"12":{"start":{"line":21,"column":23},"end":{"line":21,"column":56}},"13":{"start":{"line":22,"column":23},"end":{"line":22,"column":92}},"14":{"start":{"line":23,"column":4},"end":{"line":23,"column":44}},"15":{"start":{"line":26,"column":0},"end":{"line":26,"column":21}}},"fnMap":{"0":{"name":"toClass","decl":{"start":{"line":1,"column":9},"end":{"line":1,"column":16}},"loc":{"start":{"line":1,"column":44},"end":{"line":11,"column":1}},"line":1},"1":{"name":"(anonymous_1)","decl":{"start":{"line":8,"column":34},"end":{"line":8,"column":35}},"loc":{"start":{"line":8,"column":49},"end":{"line":8,"column":67}},"line":8},"2":{"name":"(anonymous_2)","decl":{"start":{"line":10,"column":27},"end":{"line":10,"column":28}},"loc":{"start":{"line":10,"column":48},"end":{"line":10,"column":96}},"line":10},"3":{"name":"(anonymous_3)","decl":{"start":{"line":13,"column":12},"end":{"line":13,"column":13}},"loc":{"start":{"line":16,"column":2},"end":{"line":24,"column":3}},"line":16},"4":{"name":"(anonymous_4)","decl":{"start":{"line":16,"column":2},"end":{"line":16,"column":3}},"loc":{"start":{"line":16,"column":47},"end":{"line":24,"column":3}},"line":16}},"branchMap":{"0":{"loc":{"start":{"line":1,"column":17},"end":{"line":1,"column":29}},"type":"default-arg","locations":[{"start":{"line":1,"column":27},"end":{"line":1,"column":29}}],"line":1},"1":{"loc":{"start":{"line":1,"column":31},"end":{"line":1,"column":42}},"type":"default-arg","locations":[{"start":{"line":1,"column":40},"end":{"line":1,"column":42}}],"line":1},"2":{"loc":{"start":{"line":2,"column":2},"end":{"line":4,"column":3}},"type":"if","locations":[{"start":{"line":2,"column":2},"end":{"line":4,"column":3}},{"start":{"line":2,"column":2},"end":{"line":4,"column":3}}],"line":2},"3":{"loc":{"start":{"line":6,"column":21},"end":{"line":8,"column":68}},"type":"cond-expr","locations":[{"start":{"line":7,"column":6},"end":{"line":7,"column":13}},{"start":{"line":8,"column":6},"end":{"line":8,"column":68}}],"line":6},"4":{"loc":{"start":{"line":10,"column":51},"end":{"line":10,"column":73}},"type":"cond-expr","locations":[{"start":{"line":10,"column":58},"end":{"line":10,"column":68}},{"start":{"line":10,"column":71},"end":{"line":10,"column":73}}],"line":10},"5":{"loc":{"start":{"line":14,"column":2},"end":{"line":14,"column":13}},"type":"default-arg","locations":[{"start":{"line":14,"column":11},"end":{"line":14,"column":13}}],"line":14},"6":{"loc":{"start":{"line":14,"column":22},"end":{"line":14,"column":42}},"type":"default-arg","locations":[{"start":{"line":14,"column":38},"end":{"line":14,"column":42}}],"line":14},"7":{"loc":{"start":{"line":14,"column":44},"end":{"line":14,"column":65}},"type":"default-arg","locations":[{"start":{"line":14,"column":61},"end":{"line":14,"column":65}}],"line":14},"8":{"loc":{"start":{"line":16,"column":3},"end":{"line":16,"column":15}},"type":"default-arg","locations":[{"start":{"line":16,"column":13},"end":{"line":16,"column":15}}],"line":16},"9":{"loc":{"start":{"line":16,"column":17},"end":{"line":16,"column":30}},"type":"default-arg","locations":[{"start":{"line":16,"column":28},"end":{"line":16,"column":30}}],"line":16},"10":{"loc":{"start":{"line":16,"column":32},"end":{"line":16,"column":42}},"type":"default-arg","locations":[{"start":{"line":16,"column":40},"end":{"line":16,"column":42}}],"line":16},"11":{"loc":{"start":{"line":18,"column":25},"end":{"line":18,"column":84}},"type":"cond-expr","locations":[{"start":{"line":18,"column":35},"end":{"line":18,"column":79}},{"start":{"line":18,"column":82},"end":{"line":18,"column":84}}],"line":18},"12":{"loc":{"start":{"line":19,"column":26},"end":{"line":19,"column":111}},"type":"cond-expr","locations":[{"start":{"line":19,"column":54},"end":{"line":19,"column":106}},{"start":{"line":19,"column":109},"end":{"line":19,"column":111}}],"line":19},"13":{"loc":{"start":{"line":19,"column":26},"end":{"line":19,"column":51}},"type":"binary-expr","locations":[{"start":{"line":19,"column":26},"end":{"line":19,"column":34}},{"start":{"line":19,"column":38},"end":{"line":19,"column":51}}],"line":19},"14":{"loc":{"start":{"line":20,"column":28},"end":{"line":20,"column":114}},"type":"cond-expr","locations":[{"start":{"line":20,"column":55},"end":{"line":20,"column":109}},{"start":{"line":20,"column":112},"end":{"line":20,"column":114}}],"line":20},"15":{"loc":{"start":{"line":20,"column":28},"end":{"line":20,"column":52}},"type":"binary-expr","locations":[{"start":{"line":20,"column":28},"end":{"line":20,"column":36}},{"start":{"line":20,"column":40},"end":{"line":20,"column":52}}],"line":20},"16":{"loc":{"start":{"line":21,"column":23},"end":{"line":21,"column":56}},"type":"cond-expr","locations":[{"start":{"line":21,"column":31},"end":{"line":21,"column":51}},{"start":{"line":21,"column":54},"end":{"line":21,"column":56}}],"line":21},"17":{"loc":{"start":{"line":22,"column":23},"end":{"line":22,"column":92}},"type":"cond-expr","locations":[{"start":{"line":22,"column":33},"end":{"line":22,"column":63}},{"start":{"line":22,"column":66},"end":{"line":22,"column":92}}],"line":22}},"s":{"0":59,"1":47,"2":12,"3":16,"4":12,"5":16,"6":5,"7":39,"8":51,"9":51,"10":51,"11":51,"12":51,"13":51,"14":51,"15":5},"f":{"0":59,"1":16,"2":16,"3":39,"4":51},"b":{"0":[0],"1":[12],"2":[47,12],"3":[4,8],"4":[6,10],"5":[23],"6":[39],"7":[39],"8":[2],"9":[22],"10":[39],"11":[26,25],"12":[17,34],"13":[51,21],"14":[4,47],"15":[51,21],"16":[12,39],"17":[26,25]},"_coverageSchema":"332fd63041d2c1bcb487cc26dd0d5f7d97098a6c","hash":"727d083ec13c730526d04bd4bc97d534019ae667"}
,"D:\\git\\tech-screen\\carousel\\src\\app\\utils\\fetch.js": {"path":"D:\\git\\tech-screen\\carousel\\src\\app\\utils\\fetch.js","statementMap":{"0":{"start":{"line":5,"column":2},"end":{"line":7,"column":15}},"1":{"start":{"line":6,"column":18},"end":{"line":6,"column":81}},"2":{"start":{"line":11,"column":2},"end":{"line":15,"column":3}},"3":{"start":{"line":12,"column":18},"end":{"line":12,"column":48}},"4":{"start":{"line":13,"column":4},"end":{"line":13,"column":30}},"5":{"start":{"line":14,"column":4},"end":{"line":14,"column":16}},"6":{"start":{"line":16,"column":2},"end":{"line":16,"column":18}},"7":{"start":{"line":19,"column":17},"end":{"line":26,"column":2}},"8":{"start":{"line":19,"column":36},"end":{"line":26,"column":1}},"9":{"start":{"line":28,"column":20},"end":{"line":37,"column":2}},"10":{"start":{"line":28,"column":39},"end":{"line":37,"column":1}},"11":{"start":{"line":39,"column":24},"end":{"line":52,"column":1}},"12":{"start":{"line":40,"column":12},"end":{"line":40,"column":77}},"13":{"start":{"line":42,"column":2},"end":{"line":44,"column":3}},"14":{"start":{"line":43,"column":4},"end":{"line":43,"column":76}},"15":{"start":{"line":46,"column":2},"end":{"line":51,"column":7}},"16":{"start":{"line":48,"column":24},"end":{"line":48,"column":39}},"17":{"start":{"line":50,"column":6},"end":{"line":50,"column":49}},"18":{"start":{"line":54,"column":23},"end":{"line":55,"column":80}},"19":{"start":{"line":55,"column":2},"end":{"line":55,"column":80}},"20":{"start":{"line":55,"column":63},"end":{"line":55,"column":79}},"21":{"start":{"line":57,"column":24},"end":{"line":58,"column":48}},"22":{"start":{"line":58,"column":2},"end":{"line":58,"column":48}},"23":{"start":{"line":60,"column":28},"end":{"line":61,"column":93}},"24":{"start":{"line":61,"column":2},"end":{"line":61,"column":93}},"25":{"start":{"line":61,"column":72},"end":{"line":61,"column":92}}},"fnMap":{"0":{"name":"queryParams","decl":{"start":{"line":4,"column":9},"end":{"line":4,"column":20}},"loc":{"start":{"line":4,"column":29},"end":{"line":8,"column":1}},"line":4},"1":{"name":"(anonymous_1)","decl":{"start":{"line":6,"column":9},"end":{"line":6,"column":10}},"loc":{"start":{"line":6,"column":18},"end":{"line":6,"column":81}},"line":6},"2":{"name":"checkStatus","decl":{"start":{"line":10,"column":16},"end":{"line":10,"column":27}},"loc":{"start":{"line":10,"column":38},"end":{"line":17,"column":1}},"line":10},"3":{"name":"(anonymous_3)","decl":{"start":{"line":19,"column":17},"end":{"line":19,"column":18}},"loc":{"start":{"line":19,"column":36},"end":{"line":26,"column":1}},"line":19},"4":{"name":"(anonymous_4)","decl":{"start":{"line":28,"column":20},"end":{"line":28,"column":21}},"loc":{"start":{"line":28,"column":39},"end":{"line":37,"column":1}},"line":28},"5":{"name":"(anonymous_5)","decl":{"start":{"line":39,"column":24},"end":{"line":39,"column":25}},"loc":{"start":{"line":39,"column":49},"end":{"line":52,"column":1}},"line":39},"6":{"name":"(anonymous_6)","decl":{"start":{"line":48,"column":10},"end":{"line":48,"column":11}},"loc":{"start":{"line":48,"column":24},"end":{"line":48,"column":39}},"line":48},"7":{"name":"(anonymous_7)","decl":{"start":{"line":49,"column":11},"end":{"line":49,"column":12}},"loc":{"start":{"line":49,"column":22},"end":{"line":51,"column":5}},"line":49},"8":{"name":"(anonymous_8)","decl":{"start":{"line":54,"column":23},"end":{"line":54,"column":24}},"loc":{"start":{"line":55,"column":2},"end":{"line":55,"column":80}},"line":55},"9":{"name":"(anonymous_9)","decl":{"start":{"line":55,"column":53},"end":{"line":55,"column":54}},"loc":{"start":{"line":55,"column":63},"end":{"line":55,"column":79}},"line":55},"10":{"name":"(anonymous_10)","decl":{"start":{"line":57,"column":24},"end":{"line":57,"column":25}},"loc":{"start":{"line":58,"column":2},"end":{"line":58,"column":48}},"line":58},"11":{"name":"(anonymous_11)","decl":{"start":{"line":60,"column":28},"end":{"line":60,"column":29}},"loc":{"start":{"line":61,"column":2},"end":{"line":61,"column":93}},"line":61},"12":{"name":"(anonymous_12)","decl":{"start":{"line":61,"column":58},"end":{"line":61,"column":59}},"loc":{"start":{"line":61,"column":72},"end":{"line":61,"column":92}},"line":61}},"branchMap":{"0":{"loc":{"start":{"line":11,"column":2},"end":{"line":15,"column":3}},"type":"if","locations":[{"start":{"line":11,"column":2},"end":{"line":15,"column":3}},{"start":{"line":11,"column":2},"end":{"line":15,"column":3}}],"line":11},"1":{"loc":{"start":{"line":11,"column":6},"end":{"line":11,"column":53}},"type":"binary-expr","locations":[{"start":{"line":11,"column":6},"end":{"line":11,"column":27}},{"start":{"line":11,"column":31},"end":{"line":11,"column":53}}],"line":11},"2":{"loc":{"start":{"line":25,"column":8},"end":{"line":25,"column":36}},"type":"binary-expr","locations":[{"start":{"line":25,"column":8},"end":{"line":25,"column":12}},{"start":{"line":25,"column":16},"end":{"line":25,"column":36}}],"line":25},"3":{"loc":{"start":{"line":39,"column":35},"end":{"line":39,"column":44}},"type":"default-arg","locations":[{"start":{"line":39,"column":42},"end":{"line":39,"column":44}}],"line":39},"4":{"loc":{"start":{"line":40,"column":12},"end":{"line":40,"column":77}},"type":"cond-expr","locations":[{"start":{"line":40,"column":42},"end":{"line":40,"column":50}},{"start":{"line":40,"column":53},"end":{"line":40,"column":77}}],"line":40},"5":{"loc":{"start":{"line":42,"column":2},"end":{"line":44,"column":3}},"type":"if","locations":[{"start":{"line":42,"column":2},"end":{"line":44,"column":3}},{"start":{"line":42,"column":2},"end":{"line":44,"column":3}}],"line":42},"6":{"loc":{"start":{"line":43,"column":12},"end":{"line":43,"column":47}},"type":"cond-expr","locations":[{"start":{"line":43,"column":38},"end":{"line":43,"column":41}},{"start":{"line":43,"column":44},"end":{"line":43,"column":47}}],"line":43}},"s":{"0":1,"1":99,"2":6,"3":0,"4":0,"5":0,"6":6,"7":1,"8":0,"9":1,"10":3,"11":1,"12":6,"13":6,"14":1,"15":6,"16":6,"17":0,"18":1,"19":0,"20":0,"21":1,"22":0,"23":1,"24":3,"25":3},"f":{"0":1,"1":99,"2":6,"3":0,"4":3,"5":6,"6":6,"7":0,"8":0,"9":0,"10":0,"11":3,"12":3},"b":{"0":[0,6],"1":[6,6],"2":[0,0],"3":[2],"4":[1,5],"5":[1,5],"6":[1,0]},"_coverageSchema":"332fd63041d2c1bcb487cc26dd0d5f7d97098a6c","hash":"b8694956a68970327036e042d3df5254188a5366"}
,"D:\\git\\tech-screen\\carousel\\src\\app\\utils\\index.js": {"path":"D:\\git\\tech-screen\\carousel\\src\\app\\utils\\index.js","statementMap":{"0":{"start":{"line":3,"column":18},"end":{"line":3,"column":64}},"1":{"start":{"line":5,"column":25},"end":{"line":5,"column":54}},"2":{"start":{"line":7,"column":25},"end":{"line":7,"column":134}},"3":{"start":{"line":9,"column":20},"end":{"line":15,"column":1}},"4":{"start":{"line":10,"column":2},"end":{"line":13,"column":3}},"5":{"start":{"line":11,"column":25},"end":{"line":11,"column":31}},"6":{"start":{"line":12,"column":4},"end":{"line":12,"column":27}},"7":{"start":{"line":14,"column":2},"end":{"line":14,"column":48}},"8":{"start":{"line":17,"column":24},"end":{"line":17,"column":37}}},"fnMap":{"0":{"name":"(anonymous_0)","decl":{"start":{"line":9,"column":20},"end":{"line":9,"column":21}},"loc":{"start":{"line":9,"column":26},"end":{"line":15,"column":1}},"line":9}},"branchMap":{"0":{"loc":{"start":{"line":3,"column":18},"end":{"line":3,"column":64}},"type":"binary-expr","locations":[{"start":{"line":3,"column":18},"end":{"line":3,"column":34}},{"start":{"line":3,"column":38},"end":{"line":3,"column":64}}],"line":3},"1":{"loc":{"start":{"line":7,"column":25},"end":{"line":7,"column":134}},"type":"binary-expr","locations":[{"start":{"line":7,"column":25},"end":{"line":7,"column":57}},{"start":{"line":7,"column":61},"end":{"line":7,"column":95}},{"start":{"line":7,"column":99},"end":{"line":7,"column":134}}],"line":7},"2":{"loc":{"start":{"line":10,"column":2},"end":{"line":13,"column":3}},"type":"if","locations":[{"start":{"line":10,"column":2},"end":{"line":13,"column":3}},{"start":{"line":10,"column":2},"end":{"line":13,"column":3}}],"line":10}},"s":{"0":1,"1":1,"2":1,"3":1,"4":1,"5":0,"6":0,"7":1,"8":1},"f":{"0":1},"b":{"0":[1,1],"1":[1,1,0],"2":[0,1]},"_coverageSchema":"332fd63041d2c1bcb487cc26dd0d5f7d97098a6c","hash":"8887fc1bb96aa36d7fcc60ea67299267a8dc1d89"}
,"D:\\git\\tech-screen\\carousel\\src\\config\\environment.js": {"path":"D:\\git\\tech-screen\\carousel\\src\\config\\environment.js","statementMap":{"0":{"start":{"line":1,"column":14},"end":{"line":1,"column":30}},"1":{"start":{"line":3,"column":12},"end":{"line":3,"column":37}},"2":{"start":{"line":4,"column":13},"end":{"line":4,"column":15}},"3":{"start":{"line":6,"column":18},"end":{"line":35,"column":1}},"4":{"start":{"line":8,"column":2},"end":{"line":11,"column":3}},"5":{"start":{"line":10,"column":4},"end":{"line":10,"column":94}},"6":{"start":{"line":10,"column":55},"end":{"line":10,"column":92}},"7":{"start":{"line":13,"column":2},"end":{"line":16,"column":3}},"8":{"start":{"line":15,"column":4},"end":{"line":15,"column":30}},"9":{"start":{"line":19,"column":2},"end":{"line":19,"column":91}},"10":{"start":{"line":19,"column":53},"end":{"line":19,"column":89}},"11":{"start":{"line":20,"column":2},"end":{"line":20,"column":79}},"12":{"start":{"line":20,"column":50},"end":{"line":20,"column":77}},"13":{"start":{"line":21,"column":2},"end":{"line":21,"column":75}},"14":{"start":{"line":21,"column":49},"end":{"line":21,"column":73}},"15":{"start":{"line":23,"column":2},"end":{"line":23,"column":57}},"16":{"start":{"line":23,"column":25},"end":{"line":23,"column":57}},"17":{"start":{"line":25,"column":2},"end":{"line":34,"column":4}},"18":{"start":{"line":37,"column":0},"end":{"line":40,"column":1}},"19":{"start":{"line":38,"column":2},"end":{"line":38,"column":14}},"20":{"start":{"line":39,"column":2},"end":{"line":39,"column":14}},"21":{"start":{"line":42,"column":0},"end":{"line":42,"column":24}}},"fnMap":{"0":{"name":"(anonymous_0)","decl":{"start":{"line":6,"column":18},"end":{"line":6,"column":19}},"loc":{"start":{"line":6,"column":24},"end":{"line":35,"column":1}},"line":6}},"branchMap":{"0":{"loc":{"start":{"line":8,"column":2},"end":{"line":11,"column":3}},"type":"if","locations":[{"start":{"line":8,"column":2},"end":{"line":11,"column":3}},{"start":{"line":8,"column":2},"end":{"line":11,"column":3}}],"line":8},"1":{"loc":{"start":{"line":10,"column":4},"end":{"line":10,"column":94}},"type":"if","locations":[{"start":{"line":10,"column":4},"end":{"line":10,"column":94}},{"start":{"line":10,"column":4},"end":{"line":10,"column":94}}],"line":10},"2":{"loc":{"start":{"line":13,"column":2},"end":{"line":16,"column":3}},"type":"if","locations":[{"start":{"line":13,"column":2},"end":{"line":16,"column":3}},{"start":{"line":13,"column":2},"end":{"line":16,"column":3}}],"line":13},"3":{"loc":{"start":{"line":19,"column":2},"end":{"line":19,"column":91}},"type":"if","locations":[{"start":{"line":19,"column":2},"end":{"line":19,"column":91}},{"start":{"line":19,"column":2},"end":{"line":19,"column":91}}],"line":19},"4":{"loc":{"start":{"line":20,"column":2},"end":{"line":20,"column":79}},"type":"if","locations":[{"start":{"line":20,"column":2},"end":{"line":20,"column":79}},{"start":{"line":20,"column":2},"end":{"line":20,"column":79}}],"line":20},"5":{"loc":{"start":{"line":21,"column":2},"end":{"line":21,"column":75}},"type":"if","locations":[{"start":{"line":21,"column":2},"end":{"line":21,"column":75}},{"start":{"line":21,"column":2},"end":{"line":21,"column":75}}],"line":21},"6":{"loc":{"start":{"line":23,"column":2},"end":{"line":23,"column":57}},"type":"if","locations":[{"start":{"line":23,"column":2},"end":{"line":23,"column":57}},{"start":{"line":23,"column":2},"end":{"line":23,"column":57}}],"line":23},"7":{"loc":{"start":{"line":37,"column":0},"end":{"line":40,"column":1}},"type":"if","locations":[{"start":{"line":37,"column":0},"end":{"line":40,"column":1}},{"start":{"line":37,"column":0},"end":{"line":40,"column":1}}],"line":37}},"s":{"0":2,"1":2,"2":2,"3":2,"4":2,"5":0,"6":0,"7":2,"8":2,"9":2,"10":0,"11":2,"12":0,"13":2,"14":2,"15":2,"16":2,"17":2,"18":2,"19":2,"20":2,"21":2},"f":{"0":2},"b":{"0":[0,2],"1":[0,0],"2":[2,0],"3":[0,2],"4":[0,2],"5":[2,0],"6":[2,0],"7":[2,0]},"_coverageSchema":"332fd63041d2c1bcb487cc26dd0d5f7d97098a6c","hash":"711be8ffcd8518b4ed03a87340a9c2d5893b6562"}
}
