TN:
SF:D:\git\tech-screen\carousel\src\app\components\Carousel\Carousel.jsx
FN:10,(anonymous_0)
FN:17,(anonymous_1)
FN:20,(anonymous_2)
FN:34,(anonymous_3)
FN:45,(anonymous_4)
FN:45,(anonymous_5)
FN:49,(anonymous_6)
FNF:7
FNH:6
FNDA:2,(anonymous_0)
FNDA:2,(anonymous_1)
FNDA:4,(anonymous_2)
FNDA:1,(anonymous_3)
FNDA:4,(anonymous_4)
FNDA:8,(anonymous_5)
FNDA:0,(anonymous_6)
DA:7,2
DA:11,2
DA:12,2
DA:18,2
DA:21,4
DA:35,1
DA:36,1
DA:37,1
DA:38,1
DA:40,1
DA:45,8
DA:49,0
LF:12
LH:11
BRDA:21,0,0,2
BRDA:21,0,1,2
BRDA:38,1,0,0
BRDA:38,1,1,1
BRDA:46,2,0,4
BRDA:46,2,1,4
BRF:6
BRH:5
end_of_record
TN:
SF:D:\git\tech-screen\carousel\src\app\components\CreditScore\CreditScore.jsx
FN:10,(anonymous_0)
FNF:1
FNH:1
FNDA:1,(anonymous_0)
DA:8,2
DA:10,2
DA:11,1
DA:23,2
LF:4
LH:4
BRF:0
BRH:0
end_of_record
TN:
SF:D:\git\tech-screen\carousel\src\app\components\Dashboard\Dashboard.jsx
FN:13,(anonymous_0)
FN:21,(anonymous_1)
FN:48,(anonymous_2)
FN:49,(anonymous_3)
FNF:4
FNH:3
FNDA:1,(anonymous_0)
FNDA:1,(anonymous_1)
FNDA:1,(anonymous_2)
FNDA:0,(anonymous_3)
DA:10,1
DA:14,1
DA:16,1
DA:22,1
DA:23,1
DA:24,1
DA:49,1
LF:7
LH:7
BRDA:27,0,0,0
BRDA:27,0,1,1
BRDA:30,1,0,0
BRDA:30,1,1,0
BRDA:31,2,0,0
BRDA:31,2,1,0
BRDA:35,3,0,0
BRDA:35,3,1,0
BRDA:36,4,0,0
BRDA:36,4,1,0
BRDA:36,4,2,0
BRF:11
BRH:1
end_of_record
TN:
SF:D:\git\tech-screen\carousel\src\app\components\LongTermDebt\LongTermDebt.jsx
FN:10,(anonymous_0)
FNF:1
FNH:1
FNDA:1,(anonymous_0)
DA:8,2
DA:10,2
DA:11,1
DA:29,2
LF:4
LH:4
BRDA:18,0,0,0
BRDA:18,0,1,1
BRDA:22,1,0,0
BRDA:22,1,1,1
BRF:4
BRH:2
end_of_record
TN:
SF:D:\git\tech-screen\carousel\src\app\polyfills\node-fetch.js
FN:3,(anonymous_0)
FNF:1
FNH:1
FNDA:1,(anonymous_0)
DA:1,6
DA:3,6
DA:4,1
DA:7,1
DA:10,6
DA:11,6
DA:12,6
DA:13,6
DA:14,6
LF:9
LH:9
BRDA:4,0,0,0
BRDA:4,0,1,1
BRDA:10,1,0,6
BRDA:10,1,1,0
BRF:4
BRH:2
end_of_record
TN:
SF:D:\git\tech-screen\carousel\src\app\services\Credit.js
FN:4,(anonymous_0)
FN:4,(anonymous_1)
FN:4,(anonymous_2)
FNF:3
FNH:1
FNDA:1,(anonymous_0)
FNDA:0,(anonymous_1)
FNDA:0,(anonymous_2)
DA:3,1
DA:4,1
LF:2
LH:2
BRF:0
BRH:0
end_of_record
TN:
SF:D:\git\tech-screen\carousel\src\app\utils\bem.js
FN:1,toClass
FN:8,(anonymous_1)
FN:10,(anonymous_2)
FN:13,(anonymous_3)
FN:16,(anonymous_4)
FNF:5
FNH:5
FNDA:59,toClass
FNDA:16,(anonymous_1)
FNDA:16,(anonymous_2)
FNDA:39,(anonymous_3)
FNDA:51,(anonymous_4)
DA:2,59
DA:3,47
DA:6,12
DA:8,16
DA:10,16
DA:13,5
DA:16,39
DA:17,51
DA:18,51
DA:19,51
DA:20,51
DA:21,51
DA:22,51
DA:23,51
DA:26,5
LF:15
LH:15
BRDA:1,0,0,0
BRDA:1,1,0,12
BRDA:2,2,0,47
BRDA:2,2,1,12
BRDA:6,3,0,4
BRDA:6,3,1,8
BRDA:10,4,0,6
BRDA:10,4,1,10
BRDA:14,5,0,23
BRDA:14,6,0,39
BRDA:14,7,0,39
BRDA:16,8,0,2
BRDA:16,9,0,22
BRDA:16,10,0,39
BRDA:18,11,0,26
BRDA:18,11,1,25
BRDA:19,12,0,17
BRDA:19,12,1,34
BRDA:19,13,0,51
BRDA:19,13,1,21
BRDA:20,14,0,4
BRDA:20,14,1,47
BRDA:20,15,0,51
BRDA:20,15,1,21
BRDA:21,16,0,12
BRDA:21,16,1,39
BRDA:22,17,0,26
BRDA:22,17,1,25
BRF:28
BRH:27
end_of_record
TN:
SF:D:\git\tech-screen\carousel\src\app\utils\fetch.js
FN:4,queryParams
FN:6,(anonymous_1)
FN:10,checkStatus
FN:19,(anonymous_3)
FN:28,(anonymous_4)
FN:39,(anonymous_5)
FN:48,(anonymous_6)
FN:49,(anonymous_7)
FN:54,(anonymous_8)
FN:55,(anonymous_9)
FN:57,(anonymous_10)
FN:60,(anonymous_11)
FN:61,(anonymous_12)
FNF:13
FNH:8
FNDA:1,queryParams
FNDA:99,(anonymous_1)
FNDA:6,checkStatus
FNDA:0,(anonymous_3)
FNDA:3,(anonymous_4)
FNDA:6,(anonymous_5)
FNDA:6,(anonymous_6)
FNDA:0,(anonymous_7)
FNDA:0,(anonymous_8)
FNDA:0,(anonymous_9)
FNDA:0,(anonymous_10)
FNDA:3,(anonymous_11)
FNDA:3,(anonymous_12)
DA:5,1
DA:6,99
DA:11,6
DA:12,0
DA:13,0
DA:14,0
DA:16,6
DA:19,1
DA:28,3
DA:39,1
DA:40,6
DA:42,6
DA:43,1
DA:46,6
DA:48,6
DA:50,0
DA:54,1
DA:55,0
DA:57,1
DA:58,0
DA:60,1
DA:61,3
LF:22
LH:16
BRDA:11,0,0,0
BRDA:11,0,1,6
BRDA:11,1,0,6
BRDA:11,1,1,6
BRDA:25,2,0,0
BRDA:25,2,1,0
BRDA:39,3,0,2
BRDA:40,4,0,1
BRDA:40,4,1,5
BRDA:42,5,0,1
BRDA:42,5,1,5
BRDA:43,6,0,1
BRDA:43,6,1,0
BRF:13
BRH:9
end_of_record
TN:
SF:D:\git\tech-screen\carousel\src\app\utils\index.js
FN:9,(anonymous_0)
FNF:1
FNH:1
FNDA:1,(anonymous_0)
DA:3,1
DA:5,1
DA:7,1
DA:9,1
DA:10,1
DA:11,0
DA:12,0
DA:14,1
DA:17,1
LF:9
LH:7
BRDA:3,0,0,1
BRDA:3,0,1,1
BRDA:7,1,0,1
BRDA:7,1,1,1
BRDA:7,1,2,0
BRDA:10,2,0,0
BRDA:10,2,1,1
BRF:7
BRH:5
end_of_record
TN:
SF:D:\git\tech-screen\carousel\src\config\environment.js
FN:6,(anonymous_0)
FNF:1
FNH:1
FNDA:2,(anonymous_0)
DA:1,2
DA:3,2
DA:4,2
DA:6,2
DA:8,2
DA:10,0
DA:13,2
DA:15,2
DA:19,2
DA:20,2
DA:21,2
DA:23,2
DA:25,2
DA:37,2
DA:38,2
DA:39,2
DA:42,2
LF:17
LH:16
BRDA:8,0,0,0
BRDA:8,0,1,2
BRDA:10,1,0,0
BRDA:10,1,1,0
BRDA:13,2,0,2
BRDA:13,2,1,0
BRDA:19,3,0,0
BRDA:19,3,1,2
BRDA:20,4,0,0
BRDA:20,4,1,2
BRDA:21,5,0,2
BRDA:21,5,1,0
BRDA:23,6,0,2
BRDA:23,6,1,0
BRDA:37,7,0,2
BRDA:37,7,1,0
BRF:16
BRH:7
end_of_record
